Started by user [8mha:////4FQQeUU1K+WEfGhEXptRxGHhSr3SgZ/p7rJligj4nsg+AAAAmR+LCAAAAAAAAP9b85aBtbiIQTGjNKU4P08vOT+vOD8nVc83PyU1x6OyILUoJzMv2y+/JJUBAhiZGBgqihhk0NSjKDWzXb3RdlLBUSYGJk8GtpzUvPSSDB8G5tKinBIGIZ+sxLJE/ZzEvHT94JKizLx0a6BxUmjGOUNodHsLgAyeEgZe/dLi1CL9rNS87My8YgDcoqjWwgAAAA==[0mmanjanagouda
Running as SYSTEM
Building on master in workspace /var/lib/jenkins/workspace/java1
No credentials specified
Cloning the remote Git repository
Cloning repository https://github.com/Manjanagouda024/repo1.git
 > git init /var/lib/jenkins/workspace/java1 # timeout=10
Fetching upstream changes from https://github.com/Manjanagouda024/repo1.git
 > git --version # timeout=10
 > git fetch --tags --progress -- https://github.com/Manjanagouda024/repo1.git +refs/heads/*:refs/remotes/origin/* # timeout=10
 > git config remote.origin.url https://github.com/Manjanagouda024/repo1.git # timeout=10
 > git config --add remote.origin.fetch +refs/heads/*:refs/remotes/origin/* # timeout=10
 > git config remote.origin.url https://github.com/Manjanagouda024/repo1.git # timeout=10
Fetching upstream changes from https://github.com/Manjanagouda024/repo1.git
 > git fetch --tags --progress -- https://github.com/Manjanagouda024/repo1.git +refs/heads/*:refs/remotes/origin/* # timeout=10
 > git rev-parse refs/remotes/origin/master^{commit} # timeout=10
 > git rev-parse refs/remotes/origin/origin/master^{commit} # timeout=10
Checking out Revision f870fec00ea383f644c95746596c2320a5796241 (refs/remotes/origin/master)
 > git config core.sparsecheckout # timeout=10
 > git checkout -f f870fec00ea383f644c95746596c2320a5796241 # timeout=10
Commit message: "deleted jar"
First time build. Skipping changelog.
[java1] $ /bin/sh -xe /tmp/jenkins6518932332651308066.sh
+ cd /var/lib/jenkins/workspace/java1
+ mvn compile
[INFO] Scanning for projects...
[INFO] ------------------------------------------------------------------------
[INFO] BUILD FAILURE
[INFO] ------------------------------------------------------------------------
[INFO] Total time: 0.147 s
[INFO] Finished at: 2020-01-14T18:13:39Z
[INFO] ------------------------------------------------------------------------
[ERROR] The goal you specified requires a project to execute but there is no POM in this directory (/var/lib/jenkins/workspace/java1). Please verify you invoked Maven from the correct directory. -> [Help 1]
[ERROR] 
[ERROR] To see the full stack trace of the errors, re-run Maven with the -e switch.
[ERROR] Re-run Maven using the -X switch to enable full debug logging.
[ERROR] 
[ERROR] For more information about the errors and possible solutions, please read the following articles:
[ERROR] [Help 1] http://cwiki.apache.org/confluence/display/MAVEN/MissingProjectException
Build step 'Execute shell' marked build as failure
Finished: FAILURE
